tree-info exp/tri6b_cleaned_ali_train_960_cleaned_sp/tree 
steps/nnet3/xconfig_to_configs.py --xconfig-file exp/nnet3_cleaned/tdnn_1b_9e_med_blr/configs/network.xconfig --config-dir exp/nnet3_cleaned/tdnn_1b_9e_med_blr/configs
nnet3-init exp/nnet3_cleaned/tdnn_1b_9e_med_blr/configs/init.config exp/nnet3_cleaned/tdnn_1b_9e_med_blr/configs/init.raw 
LOG (nnet3-init[5.5.1076~1-1b07b5]:main():nnet3-init.cc:80) Initialized raw neural net and wrote it to exp/nnet3_cleaned/tdnn_1b_9e_med_blr/configs/init.raw
nnet3-info exp/nnet3_cleaned/tdnn_1b_9e_med_blr/configs/init.raw 
nnet3-init exp/nnet3_cleaned/tdnn_1b_9e_med_blr/configs/ref.config exp/nnet3_cleaned/tdnn_1b_9e_med_blr/configs/ref.raw 
LOG (nnet3-init[5.5.1076~1-1b07b5]:main():nnet3-init.cc:80) Initialized raw neural net and wrote it to exp/nnet3_cleaned/tdnn_1b_9e_med_blr/configs/ref.raw
nnet3-info exp/nnet3_cleaned/tdnn_1b_9e_med_blr/configs/ref.raw 
nnet3-init exp/nnet3_cleaned/tdnn_1b_9e_med_blr/configs/ref.config exp/nnet3_cleaned/tdnn_1b_9e_med_blr/configs/ref.raw 
LOG (nnet3-init[5.5.1076~1-1b07b5]:main():nnet3-init.cc:80) Initialized raw neural net and wrote it to exp/nnet3_cleaned/tdnn_1b_9e_med_blr/configs/ref.raw
nnet3-info exp/nnet3_cleaned/tdnn_1b_9e_med_blr/configs/ref.raw 
2023-12-19 16:48:19,026 [/net/pr2/projects/plgrid/plggdspmwit/plgkgucik/kaldi/egs/librispeech/s5/steps/nnet3/train_dnn.py:36 - <module> - INFO ] Starting DNN trainer (train_dnn.py)
steps/nnet3/train_dnn.py --stage=-10 --cmd=run.pl --mem 4G --feat.online-ivector-dir exp/nnet3_cleaned/ivectors_train_960_cleaned_sp_hires --feat.cmvn-opts=--norm-means=false --norm-vars=false --trainer.num-epochs 3 --trainer.shuffle-buffer-size 750 --trainer.prior-subset-size 6000 --trainer.optimization.num-jobs-initial 1 --trainer.optimization.num-jobs-final 1 --trainer.optimization.initial-effective-lrate 0.0200 --trainer.optimization.final-effective-lrate 0.00015 --trainer.optimization.minibatch-size 512 --trainer.num-jobs-compute-prior 4 --trainer.input-model exp/nnet3_cleaned/tdnn_1b_9e_med_blr/final.mdl --egs.dir  --cleanup false --cleanup.remove-egs true --cleanup.preserve-model-interval 80 --feat-dir=data/train_960_cleaned_sp_hires --ali-dir exp/tri6b_cleaned_ali_train_960_cleaned_sp --lang data/lang --reporting.email= --dir=exp/nnet3_cleaned/tdnn_1b_9e_med_blr
['steps/nnet3/train_dnn.py', '--stage=-10', '--cmd=run.pl --mem 4G', '--feat.online-ivector-dir', 'exp/nnet3_cleaned/ivectors_train_960_cleaned_sp_hires', '--feat.cmvn-opts=--norm-means=false --norm-vars=false', '--trainer.num-epochs', '3', '--trainer.shuffle-buffer-size', '750', '--trainer.prior-subset-size', '6000', '--trainer.optimization.num-jobs-initial', '1', '--trainer.optimization.num-jobs-final', '1', '--trainer.optimization.initial-effective-lrate', '0.0200', '--trainer.optimization.final-effective-lrate', '0.00015', '--trainer.optimization.minibatch-size', '512', '--trainer.num-jobs-compute-prior', '4', '--trainer.input-model', 'exp/nnet3_cleaned/tdnn_1b_9e_med_blr/final.mdl', '--egs.dir', '', '--cleanup', 'false', '--cleanup.remove-egs', 'true', '--cleanup.preserve-model-interval', '80', '--feat-dir=data/train_960_cleaned_sp_hires', '--ali-dir', 'exp/tri6b_cleaned_ali_train_960_cleaned_sp', '--lang', 'data/lang', '--reporting.email=', '--dir=exp/nnet3_cleaned/tdnn_1b_9e_med_blr']
2023-12-19 16:48:19,064 [/net/pr2/projects/plgrid/plggdspmwit/plgkgucik/kaldi/egs/librispeech/s5/steps/nnet3/train_dnn.py:178 - train - INFO ] Arguments for the experiment
{'ali_dir': 'exp/tri6b_cleaned_ali_train_960_cleaned_sp',
 'backstitch_training_interval': 1,
 'backstitch_training_scale': 0.0,
 'cleanup': False,
 'cmvn_opts': '--norm-means=false --norm-vars=false',
 'combine_sum_to_one_penalty': 0.0,
 'command': 'run.pl --mem 4G',
 'compute_per_dim_accuracy': False,
 'dir': 'exp/nnet3_cleaned/tdnn_1b_9e_med_blr',
 'do_final_combination': True,
 'dropout_schedule': None,
 'egs_command': None,
 'egs_dir': None,
 'egs_opts': None,
 'egs_stage': 0,
 'email': None,
 'exit_stage': None,
 'feat_dir': 'data/train_960_cleaned_sp_hires',
 'final_effective_lrate': 0.00015,
 'frames_per_eg': 8,
 'initial_effective_lrate': 0.02,
 'input_model': 'exp/nnet3_cleaned/tdnn_1b_9e_med_blr/final.mdl',
 'lang': 'data/lang',
 'max_lda_jobs': 10,
 'max_models_combine': 20,
 'max_objective_evaluations': 30,
 'max_param_change': 2.0,
 'minibatch_size': '512',
 'momentum': 0.0,
 'num_epochs': 3.0,
 'num_jobs_compute_prior': 4,
 'num_jobs_final': 1,
 'num_jobs_initial': 1,
 'num_jobs_step': 1,
 'online_ivector_dir': 'exp/nnet3_cleaned/ivectors_train_960_cleaned_sp_hires',
 'preserve_model_interval': 80,
 'presoftmax_prior_scale_power': -0.25,
 'prior_subset_size': 6000,
 'proportional_shrink': 0.0,
 'rand_prune': 4.0,
 'remove_egs': True,
 'reporting_interval': 0.1,
 'samples_per_iter': 400000,
 'shuffle_buffer_size': 750,
 'srand': 0,
 'stage': -10,
 'train_opts': [],
 'use_gpu': 'yes'}
nnet3-info exp/nnet3_cleaned/tdnn_1b_9e_med_blr/final.mdl 
2023-12-19 16:48:20,648 [/net/pr2/projects/plgrid/plggdspmwit/plgkgucik/kaldi/egs/librispeech/s5/steps/nnet3/train_dnn.py:238 - train - INFO ] Generating egs
feat-to-dim scp:exp/nnet3_cleaned/ivectors_train_960_cleaned_sp_hires/ivector_online.scp - 
copy-int-vector ark:- ark,scp:exp/nnet3_cleaned/tdnn_1b_9e_med_blr/egs/ali.ark,exp/nnet3_cleaned/tdnn_1b_9e_med_blr/egs/ali.scp 
LOG (copy-int-vector[5.5.1076~1-1b07b5]:main():copy-int-vector.cc:83) Copied 904676 vectors of int32.
run.pl: 6 / 6 failed, log is in exp/nnet3_cleaned/tdnn_1b_9e_med_blr/egs/log/get_egs.*.log
Traceback (most recent call last):
  File "/net/pr2/projects/plgrid/plggdspmwit/plgkgucik/kaldi/egs/librispeech/s5/steps/nnet3/train_dnn.py", line 459, in main
    train(args, run_opts)
  File "/net/pr2/projects/plgrid/plggdspmwit/plgkgucik/kaldi/egs/librispeech/s5/steps/nnet3/train_dnn.py", line 243, in train
    train_lib.acoustic_model.generate_egs(
  File "/net/pr2/projects/plgrid/plggdspmwit/plgkgucik/kaldi/egs/librispeech/s5/steps/libs/nnet3/train/frame_level_objf/acoustic_model.py", line 35, in generate_egs
    common_lib.execute_command(
  File "/net/pr2/projects/plgrid/plggdspmwit/plgkgucik/kaldi/egs/librispeech/s5/steps/libs/common.py", line 128, in execute_command
    raise Exception("Command exited with status {0}: {1}".format(
Exception: Command exited with status 1: steps/nnet3/get_egs.sh                  --cmd "run.pl --mem 4G"                 --cmvn-opts "--norm-means=false --norm-vars=false"                 --online-ivector-dir "exp/nnet3_cleaned/ivectors_train_960_cleaned_sp_hires"                 --left-context 13                 --right-context 9                 --left-context-initial -1                 --right-context-final -1                 --stage 0                 --samples-per-iter 400000                 --frames-per-eg 8                 --srand 0                 data/train_960_cleaned_sp_hires exp/tri6b_cleaned_ali_train_960_cleaned_sp exp/nnet3_cleaned/tdnn_1b_9e_med_blr/egs
        
