steps/nnet3/decode.sh --nj 1 --cmd run.pl --mem 4G --online-ivector-dir exp/nnet3_cleaned/ivectors_dev_clean_hires exp/tri6b_cleaned/graph_tgsmall data/dev_clean_hires exp/nnet3_cleaned/tdnn_sp_1b_3epoche/decode_dev_clean_tgsmall
steps/nnet3/decode.sh --nj 1 --cmd run.pl --mem 4G --online-ivector-dir exp/nnet3_cleaned/ivectors_test_other_hires exp/tri6b_cleaned/graph_tgsmall data/test_other_hires exp/nnet3_cleaned/tdnn_sp_1b_3epoche/decode_test_other_tgsmall
steps/nnet3/decode.sh --nj 1 --cmd run.pl --mem 4G --online-ivector-dir exp/nnet3_cleaned/ivectors_dev_other_hires exp/tri6b_cleaned/graph_tgsmall data/dev_other_hires exp/nnet3_cleaned/tdnn_sp_1b_3epoche/decode_dev_other_tgsmall
steps/nnet3/decode.sh --nj 1 --cmd run.pl --mem 4G --online-ivector-dir exp/nnet3_cleaned/ivectors_test_clean_hires exp/tri6b_cleaned/graph_tgsmall data/test_clean_hires exp/nnet3_cleaned/tdnn_sp_1b_3epoche/decode_test_clean_tgsmall
steps/nnet3/decode.sh: feature type is raw
steps/nnet3/decode.sh: feature type is raw
steps/nnet3/decode.sh: feature type is raw
steps/nnet3/decode.sh: feature type is raw
run.pl: job failed, log is in exp/nnet3_cleaned/tdnn_sp_1b_3epoche/decode_test_other_tgsmall/log/decode.1.log
run.pl: job failed, log is in exp/nnet3_cleaned/tdnn_sp_1b_3epoche/decode_test_clean_tgsmall/log/decode.1.log
steps/diagnostic/analyze_lats.sh --cmd run.pl --mem 4G --iter final exp/tri6b_cleaned/graph_tgsmall exp/nnet3_cleaned/tdnn_sp_1b_3epoche/decode_dev_clean_tgsmall
steps/diagnostic/analyze_lats.sh: see stats in exp/nnet3_cleaned/tdnn_sp_1b_3epoche/decode_dev_clean_tgsmall/log/analyze_alignments.log
Overall, lattice depth (10,50,90-percentile)=(1,2,9) and mean=4.9
steps/diagnostic/analyze_lats.sh: see stats in exp/nnet3_cleaned/tdnn_sp_1b_3epoche/decode_dev_clean_tgsmall/log/analyze_lattice_depth_stats.log
score best paths
score confidence and timing with sclite
Decoding done.
steps/lmrescore.sh --cmd run.pl --mem 4G data/lang_test_tgsmall data/lang_test_tgmed data/dev_clean_hires exp/nnet3_cleaned/tdnn_sp_1b_3epoche/decode_dev_clean_tgsmall exp/nnet3_cleaned/tdnn_sp_1b_3epoche/decode_dev_clean_tgmed
fstdeterminizestar 
fstrmsymbols data/lang_test_tgmed/phones/disambig.int 
steps/diagnostic/analyze_lats.sh --cmd run.pl --mem 4G --iter final exp/tri6b_cleaned/graph_tgsmall exp/nnet3_cleaned/tdnn_sp_1b_3epoche/decode_dev_other_tgsmall
steps/diagnostic/analyze_lats.sh: see stats in exp/nnet3_cleaned/tdnn_sp_1b_3epoche/decode_dev_other_tgsmall/log/analyze_alignments.log
Overall, lattice depth (10,50,90-percentile)=(1,4,30) and mean=12.7
steps/diagnostic/analyze_lats.sh: see stats in exp/nnet3_cleaned/tdnn_sp_1b_3epoche/decode_dev_other_tgsmall/log/analyze_lattice_depth_stats.log
score best paths
score confidence and timing with sclite
Decoding done.
steps/lmrescore.sh --cmd run.pl --mem 4G data/lang_test_tgsmall data/lang_test_tgmed data/dev_other_hires exp/nnet3_cleaned/tdnn_sp_1b_3epoche/decode_dev_other_tgsmall exp/nnet3_cleaned/tdnn_sp_1b_3epoche/decode_dev_other_tgmed
fstrmsymbols data/lang_test_tgmed/phones/disambig.int 
fstdeterminizestar 
steps/lmrescore_const_arpa.sh --cmd run.pl --mem 4G data/lang_test_tgsmall data/lang_test_tglarge data/dev_clean_hires exp/nnet3_cleaned/tdnn_sp_1b_3epoche/decode_dev_clean_tgsmall exp/nnet3_cleaned/tdnn_sp_1b_3epoche/decode_dev_clean_tglarge
steps/lmrescore_const_arpa.sh --cmd run.pl --mem 4G data/lang_test_tgsmall data/lang_test_fglarge data/dev_clean_hires exp/nnet3_cleaned/tdnn_sp_1b_3epoche/decode_dev_clean_tgsmall exp/nnet3_cleaned/tdnn_sp_1b_3epoche/decode_dev_clean_fglarge
steps/lmrescore_const_arpa.sh --cmd run.pl --mem 4G data/lang_test_tgsmall data/lang_test_tglarge data/dev_other_hires exp/nnet3_cleaned/tdnn_sp_1b_3epoche/decode_dev_other_tgsmall exp/nnet3_cleaned/tdnn_sp_1b_3epoche/decode_dev_other_tglarge
steps/lmrescore_const_arpa.sh --cmd run.pl --mem 4G data/lang_test_tgsmall data/lang_test_fglarge data/dev_other_hires exp/nnet3_cleaned/tdnn_sp_1b_3epoche/decode_dev_other_tgsmall exp/nnet3_cleaned/tdnn_sp_1b_3epoche/decode_dev_other_fglarge
local/nnet3/decode.sh: there was a problem while decoding
