local/nnet3/run_ivector_common.sh: preparing directory for low-resolution speed-perturbed data (for alignment)
fix_data_dir.sh: kept all 301560 utterances.
fix_data_dir.sh: old files are kept in data/train_960_cleaned/.backup
utils/data/perturb_data_dir_speed_3way.sh: making sure the utt2dur and the reco2dur files are present
... in data/train_960_cleaned, because obtaining it after speed-perturbing
... would be very slow, and you might need them.
utils/data/get_utt2dur.sh: data/train_960_cleaned/utt2dur already exists with the expected length.  We won't recompute it.
utils/data/get_reco2dur.sh: data/train_960_cleaned/reco2dur already exists with the expected length.  We won't recompute it.
utils/data/perturb_data_dir_speed.sh: generated speed-perturbed version of data in data/train_960_cleaned, in data/train_960_cleaned_sp_speed0.9
fix_data_dir.sh: kept all 301560 utterances.
fix_data_dir.sh: old files are kept in data/train_960_cleaned_sp_speed0.9/.backup
utils/validate_data_dir.sh: Successfully validated data-directory data/train_960_cleaned_sp_speed0.9
utils/data/perturb_data_dir_speed.sh: generated speed-perturbed version of data in data/train_960_cleaned, in data/train_960_cleaned_sp_speed1.1
fix_data_dir.sh: kept all 301560 utterances.
fix_data_dir.sh: old files are kept in data/train_960_cleaned_sp_speed1.1/.backup
utils/validate_data_dir.sh: Successfully validated data-directory data/train_960_cleaned_sp_speed1.1
utils/data/combine_data.sh data/train_960_cleaned_sp data/train_960_cleaned data/train_960_cleaned_sp_speed0.9 data/train_960_cleaned_sp_speed1.1
utils/data/combine_data.sh: combined utt2uniq
utils/data/combine_data.sh: combined segments
utils/data/combine_data.sh: combined utt2spk
utils/data/combine_data.sh [info]: not combining utt2lang as it does not exist
utils/data/combine_data.sh: combined utt2dur
utils/data/combine_data.sh [info]: **not combining utt2num_frames as it does not exist everywhere**
utils/data/combine_data.sh: combined reco2dur
utils/data/combine_data.sh [info]: **not combining feats.scp as it does not exist everywhere**
utils/data/combine_data.sh: combined text
utils/data/combine_data.sh [info]: **not combining cmvn.scp as it does not exist everywhere**
utils/data/combine_data.sh [info]: not combining vad.scp as it does not exist
utils/data/combine_data.sh [info]: not combining reco2file_and_channel as it does not exist
utils/data/combine_data.sh: combined wav.scp
utils/data/combine_data.sh: combined spk2gender
fix_data_dir.sh: kept all 904680 utterances.
fix_data_dir.sh: old files are kept in data/train_960_cleaned_sp/.backup
utils/data/perturb_data_dir_speed_3way.sh: generated 3-way speed-perturbed version of data in data/train_960_cleaned, in data/train_960_cleaned_sp
utils/validate_data_dir.sh: Successfully validated data-directory data/train_960_cleaned_sp
local/nnet3/run_ivector_common.sh: making MFCC features for low-resolution speed-perturbed data
steps/make_mfcc.sh --cmd run.pl --mem 2G --nj 40 data/train_960_cleaned_sp
utils/validate_data_dir.sh: Successfully validated data-directory data/train_960_cleaned_sp
steps/make_mfcc.sh [info]: segments file exists: using that.
steps/make_mfcc.sh: Succeeded creating MFCC features for train_960_cleaned_sp
steps/compute_cmvn_stats.sh data/train_960_cleaned_sp
Succeeded creating CMVN stats for train_960_cleaned_sp
local/nnet3/run_ivector_common.sh: fixing input data-dir to remove nonexistent features, in case some 
.. speed-perturbed segments were too short.
fix_data_dir.sh: kept all 904680 utterances.
fix_data_dir.sh: old files are kept in data/train_960_cleaned_sp/.backup
local/nnet3/run_ivector_common.sh: aligning with the perturbed low-resolution data
steps/align_fmllr.sh --nj 40 --cmd run.pl --mem 2G data/train_960_cleaned_sp data/lang exp/tri6b_cleaned exp/tri6b_cleaned_ali_train_960_cleaned_sp
steps/align_fmllr.sh: feature type is lda
steps/align_fmllr.sh: compiling training graphs
steps/align_fmllr.sh: aligning data in data/train_960_cleaned_sp using exp/tri6b_cleaned/final.alimdl and speaker-independent features.
slurmstepd: error: *** JOB 489501 ON t0033 CANCELLED AT 2023-11-17T16:55:18 DUE TO TIME LIMIT ***
