tree-info exp/tri6b_cleaned_ali_train_960_cleaned_sp/tree 
steps/nnet3/xconfig_to_configs.py --xconfig-file exp/nnet3_cleaned/tdnn_sp/configs/network.xconfig --config-dir exp/nnet3_cleaned/tdnn_sp/configs
nnet3-init exp/nnet3_cleaned/tdnn_sp/configs/init.config exp/nnet3_cleaned/tdnn_sp/configs/init.raw 
LOG (nnet3-init[5.5.1076~1-1b07b5]:main():nnet3-init.cc:80) Initialized raw neural net and wrote it to exp/nnet3_cleaned/tdnn_sp/configs/init.raw
nnet3-info exp/nnet3_cleaned/tdnn_sp/configs/init.raw 
nnet3-init exp/nnet3_cleaned/tdnn_sp/configs/ref.config exp/nnet3_cleaned/tdnn_sp/configs/ref.raw 
LOG (nnet3-init[5.5.1076~1-1b07b5]:main():nnet3-init.cc:80) Initialized raw neural net and wrote it to exp/nnet3_cleaned/tdnn_sp/configs/ref.raw
nnet3-info exp/nnet3_cleaned/tdnn_sp/configs/ref.raw 
nnet3-init exp/nnet3_cleaned/tdnn_sp/configs/ref.config exp/nnet3_cleaned/tdnn_sp/configs/ref.raw 
LOG (nnet3-init[5.5.1076~1-1b07b5]:main():nnet3-init.cc:80) Initialized raw neural net and wrote it to exp/nnet3_cleaned/tdnn_sp/configs/ref.raw
nnet3-info exp/nnet3_cleaned/tdnn_sp/configs/ref.raw 
2023-11-27 20:03:56,129 [/net/pr2/projects/plgrid/plggdspmwit/plgkgucik/kaldi/egs/librispeech/s5/steps/nnet3/train_dnn.py:36 - <module> - INFO ] Starting DNN trainer (train_dnn.py)
steps/nnet3/train_dnn.py --stage=-10 --cmd=run.pl --mem 4G --feat.online-ivector-dir exp/nnet3_cleaned/ivectors_train_960_cleaned_sp_hires --feat.cmvn-opts=--norm-means=false --norm-vars=false --trainer.num-epochs 4 --trainer.optimization.num-jobs-initial 3 --trainer.optimization.num-jobs-final 16 --trainer.optimization.initial-effective-lrate 0.0017 --trainer.optimization.final-effective-lrate 0.00017 --egs.dir  --cleanup.remove-egs true --cleanup.preserve-model-interval 100 --feat-dir=data/train_960_cleaned_sp_hires --ali-dir exp/tri6b_cleaned_ali_train_960_cleaned_sp --lang data/lang --reporting.email= --dir=exp/nnet3_cleaned/tdnn_sp
['steps/nnet3/train_dnn.py', '--stage=-10', '--cmd=run.pl --mem 4G', '--feat.online-ivector-dir', 'exp/nnet3_cleaned/ivectors_train_960_cleaned_sp_hires', '--feat.cmvn-opts=--norm-means=false --norm-vars=false', '--trainer.num-epochs', '4', '--trainer.optimization.num-jobs-initial', '3', '--trainer.optimization.num-jobs-final', '16', '--trainer.optimization.initial-effective-lrate', '0.0017', '--trainer.optimization.final-effective-lrate', '0.00017', '--egs.dir', '', '--cleanup.remove-egs', 'true', '--cleanup.preserve-model-interval', '100', '--feat-dir=data/train_960_cleaned_sp_hires', '--ali-dir', 'exp/tri6b_cleaned_ali_train_960_cleaned_sp', '--lang', 'data/lang', '--reporting.email=', '--dir=exp/nnet3_cleaned/tdnn_sp']
2023-11-27 20:03:56,168 [/net/pr2/projects/plgrid/plggdspmwit/plgkgucik/kaldi/egs/librispeech/s5/steps/nnet3/train_dnn.py:178 - train - INFO ] Arguments for the experiment
{'ali_dir': 'exp/tri6b_cleaned_ali_train_960_cleaned_sp',
 'backstitch_training_interval': 1,
 'backstitch_training_scale': 0.0,
 'cleanup': True,
 'cmvn_opts': '--norm-means=false --norm-vars=false',
 'combine_sum_to_one_penalty': 0.0,
 'command': 'run.pl --mem 4G',
 'compute_per_dim_accuracy': False,
 'dir': 'exp/nnet3_cleaned/tdnn_sp',
 'do_final_combination': True,
 'dropout_schedule': None,
 'egs_command': None,
 'egs_dir': None,
 'egs_opts': None,
 'egs_stage': 0,
 'email': None,
 'exit_stage': None,
 'feat_dir': 'data/train_960_cleaned_sp_hires',
 'final_effective_lrate': 0.00017,
 'frames_per_eg': 8,
 'initial_effective_lrate': 0.0017,
 'input_model': None,
 'lang': 'data/lang',
 'max_lda_jobs': 10,
 'max_models_combine': 20,
 'max_objective_evaluations': 30,
 'max_param_change': 2.0,
 'minibatch_size': '512',
 'momentum': 0.0,
 'num_epochs': 4.0,
 'num_jobs_compute_prior': 10,
 'num_jobs_final': 16,
 'num_jobs_initial': 3,
 'num_jobs_step': 1,
 'online_ivector_dir': 'exp/nnet3_cleaned/ivectors_train_960_cleaned_sp_hires',
 'preserve_model_interval': 100,
 'presoftmax_prior_scale_power': -0.25,
 'prior_subset_size': 20000,
 'proportional_shrink': 0.0,
 'rand_prune': 4.0,
 'remove_egs': True,
 'reporting_interval': 0.1,
 'samples_per_iter': 400000,
 'shuffle_buffer_size': 5000,
 'srand': 0,
 'stage': -10,
 'train_opts': [],
 'use_gpu': 'yes'}
2023-11-27 20:03:56,612 [/net/pr2/projects/plgrid/plggdspmwit/plgkgucik/kaldi/egs/librispeech/s5/steps/nnet3/train_dnn.py:228 - train - INFO ] Initializing a basic network for estimating preconditioning matrix
2023-11-27 20:03:56,757 [/net/pr2/projects/plgrid/plggdspmwit/plgkgucik/kaldi/egs/librispeech/s5/steps/nnet3/train_dnn.py:238 - train - INFO ] Generating egs
feat-to-dim scp:exp/nnet3_cleaned/ivectors_train_960_cleaned_sp_hires/ivector_online.scp - 
copy-int-vector ark:- ark,scp:exp/nnet3_cleaned/tdnn_sp/egs/ali.ark,exp/nnet3_cleaned/tdnn_sp/egs/ali.scp 
LOG (copy-int-vector[5.5.1076~1-1b07b5]:main():copy-int-vector.cc:83) Copied 904676 vectors of int32.
2023-11-27 21:02:11,654 [/net/pr2/projects/plgrid/plggdspmwit/plgkgucik/kaldi/egs/librispeech/s5/steps/nnet3/train_dnn.py:276 - train - INFO ] Computing the preconditioning matrix for input features
2023-11-27 21:02:51,679 [/net/pr2/projects/plgrid/plggdspmwit/plgkgucik/kaldi/egs/librispeech/s5/steps/nnet3/train_dnn.py:284 - train - INFO ] Computing initial vector for FixedScaleComponent before softmax, using priors^-0.25 and rescaling to average 1
2023-11-27 21:03:51,874 [/net/pr2/projects/plgrid/plggdspmwit/plgkgucik/kaldi/egs/librispeech/s5/steps/nnet3/train_dnn.py:294 - train - INFO ] Preparing the initial acoustic model.
2023-11-27 21:04:27,088 [/net/pr2/projects/plgrid/plggdspmwit/plgkgucik/kaldi/egs/librispeech/s5/steps/nnet3/train_dnn.py:318 - train - INFO ] Training will run for 4.0 epochs = 1088 iterations
2023-11-27 21:04:27,089 [/net/pr2/projects/plgrid/plggdspmwit/plgkgucik/kaldi/egs/librispeech/s5/steps/nnet3/train_dnn.py:349 - train - INFO ] Iter: 0/1087   Jobs: 3   Epoch: 0.00/4.0 (0.0% complete)   lr: 0.005100   
run.pl: job failed, log is in exp/nnet3_cleaned/tdnn_sp/log/train.0.1.log
2023-11-27 21:04:32,019 [/net/pr2/projects/plgrid/plggdspmwit/plgkgucik/kaldi/egs/librispeech/s5/steps/libs/common.py:207 - background_command_waiter - ERROR ] Command exited with status 1: run.pl --mem 4G --gpu 1 exp/nnet3_cleaned/tdnn_sp/log/train.0.1.log                     nnet3-train --use-gpu=yes  --write-cache=exp/nnet3_cleaned/tdnn_sp/cache.1                       --print-interval=10                     --momentum=0.0                     --max-param-change=1.414213562373095                     --backstitch-training-scale=0.0                     --l2-regularize-factor=0.3333333333333333                     --backstitch-training-interval=1                     --srand=0                       "nnet3-copy --learning-rate=0.0050999999999999995 --scale=1.0 exp/nnet3_cleaned/tdnn_sp/0.mdl - |" "ark,bg:nnet3-copy-egs --frame=1              ark:exp/nnet3_cleaned/tdnn_sp/egs/egs.1.ark ark:- |             nnet3-shuffle-egs --buffer-size=5000             --srand=0 ark:- ark:- |              nnet3-merge-egs --minibatch-size=256 ark:- ark:- |"                     exp/nnet3_cleaned/tdnn_sp/1.1.raw
